[debug] [2020-11-15T02:56:58.582Z] ----------------------------------------------------------------------
[debug] [2020-11-15T02:56:58.585Z] Command:       C:\Program Files\nodejs\node.exe C:\Users\Brian Cisneros\AppData\Roaming\npm\node_modules\firebase-tools\lib\bin\firebase.js deploy --project ricknmortyapp
[debug] [2020-11-15T02:56:58.585Z] CLI Version:   8.16.2
[debug] [2020-11-15T02:56:58.585Z] Platform:      win32
[debug] [2020-11-15T02:56:58.585Z] Node Version:  v12.19.0
[debug] [2020-11-15T02:56:58.587Z] Time:          Sat Nov 14 2020 22:56:58 GMT-0400 (GMT-04:00)
[debug] [2020-11-15T02:56:58.587Z] ----------------------------------------------------------------------
[debug] [2020-11-15T02:56:58.587Z] 
[debug] [2020-11-15T02:56:58.600Z] > command requires scopes: ["email","openid","https://www.googleapis.com/auth/cloudplatformprojects.readonly","https://www.googleapis.com/auth/firebase","https://www.googleapis.com/auth/cloud-platform"]
[debug] [2020-11-15T02:56:58.601Z] > authorizing via signed-in user
[debug] [2020-11-15T02:56:58.601Z] [iam] checking project ricknmortyapp for permissions ["firebase.projects.get","firebasehosting.sites.update"]
[debug] [2020-11-15T02:56:58.606Z] >>> HTTP REQUEST POST https://cloudresourcemanager.googleapis.com/v1/projects/ricknmortyapp:testIamPermissions  
 {"permissions":["firebase.projects.get","firebasehosting.sites.update"]}
[debug] [2020-11-15T02:56:59.222Z] <<< HTTP RESPONSE 200 {"content-type":"application/json; charset=UTF-8","vary":"X-Origin, Referer, Origin,Accept-Encoding","date":"Sun, 15 Nov 2020 03:03:46 GMT","server":"ESF","cache-control":"private","x-xss-protection":"0","x-frame-options":"SAMEORIGIN","x-content-type-options":"nosniff","server-timing":"gfet4t7; dur=276","alt-svc":"h3-Q050=\":443\"; ma=2592000,h3-29=\":443\"; ma=2592000,h3-T051=\":443\"; ma=2592000,h3-Q046=\":443\"; ma=2592000,h3-Q043=\":443\"; ma=2592000,quic=\":443\"; ma=2592000; v=\"46,43\"","accept-ranges":"none","transfer-encoding":"chunked"}
[debug] [2020-11-15T02:56:59.226Z] [iam] error while checking permissions, command may fail: FirebaseError: Authorization failed. This account is missing the following required permissions on project ricknmortyapp:

  firebase.projects.get
  firebasehosting.sites.update
[debug] [2020-11-15T02:56:59.232Z] >>> HTTP REQUEST GET https://firebase.googleapis.com/v1beta1/projects/ricknmortyapp  
 
[debug] [2020-11-15T02:56:59.619Z] <<< HTTP RESPONSE 403 {"vary":"X-Origin, Referer, Origin,Accept-Encoding","content-type":"application/json; charset=UTF-8","date":"Sun, 15 Nov 2020 03:03:46 GMT","server":"ESF","cache-control":"private","x-xss-protection":"0","x-frame-options":"SAMEORIGIN","x-content-type-options":"nosniff","alt-svc":"h3-Q050=\":443\"; ma=2592000,h3-29=\":443\"; ma=2592000,h3-T051=\":443\"; ma=2592000,h3-Q046=\":443\"; ma=2592000,h3-Q043=\":443\"; ma=2592000,quic=\":443\"; ma=2592000; v=\"46,43\"","accept-ranges":"none","transfer-encoding":"chunked"}
[debug] [2020-11-15T02:56:59.620Z] <<< HTTP RESPONSE BODY {"error":{"code":403,"message":"The caller does not have permission","status":"PERMISSION_DENIED"}}
[debug] [2020-11-15T02:56:59.625Z] HTTP Error: 403, The caller does not have permission
[debug] [2020-11-15T02:56:59.634Z] FirebaseError: HTTP Error: 403, The caller does not have permission
    at module.exports (C:\Users\Brian Cisneros\AppData\Roaming\npm\node_modules\firebase-tools\lib\responseToError.js:38:12)
    at Request._callback (C:\Users\Brian Cisneros\AppData\Roaming\npm\node_modules\firebase-tools\lib\api.js:41:35)
    at Request.self.callback (C:\Users\Brian Cisneros\AppData\Roaming\npm\node_modules\firebase-tools\node_modules\request\request.js:185:22)
    at Request.emit (events.js:314:20)
    at Request.EventEmitter.emit (domain.js:483:12)
    at Request.<anonymous> (C:\Users\Brian Cisneros\AppData\Roaming\npm\node_modules\firebase-tools\node_modules\request\request.js:1154:10)
    at Request.emit (events.js:314:20)
    at Request.EventEmitter.emit (domain.js:483:12)
    at IncomingMessage.<anonymous> (C:\Users\Brian Cisneros\AppData\Roaming\npm\node_modules\firebase-tools\node_modules\request\request.js:1076:12)
    at Object.onceWrapper (events.js:420:28)
    at IncomingMessage.emit (events.js:326:22)
    at IncomingMessage.EventEmitter.emit (domain.js:483:12)
    at endReadableNT (_stream_readable.js:1223:12)
    at processTicksAndRejections (internal/process/task_queues.js:84:21)
[error] 
[error] Error: Failed to get Firebase project ricknmortyapp. Please make sure the project exists and your account has permission to access it.
